<?xml version="1.0" encoding="UTF-8"?>
<coverage generated="1707661331680" clover="3.2.0">
  <project timestamp="1707661331680" name="All files">
    <metrics statements="89" coveredstatements="63" conditionals="27" coveredconditionals="12" methods="9" coveredmethods="6" elements="125" coveredelements="81" complexity="0" loc="89" ncloc="89" packages="6" files="8" classes="8"/>
    <package name="src">
      <metrics statements="27" coveredstatements="27" conditionals="4" coveredconditionals="2" methods="2" coveredmethods="2"/>
      <file name="app.ts" path="C:\Users\sasda\Desktop\chatApp\server\src\app.ts">
        <metrics statements="20" coveredstatements="20" conditionals="4" coveredconditionals="2" methods="2" coveredmethods="2"/>
        <line num="1" count="2" type="stmt"/>
        <line num="2" count="2" type="stmt"/>
        <line num="3" count="2" type="stmt"/>
        <line num="4" count="2" type="stmt"/>
        <line num="5" count="2" type="stmt"/>
        <line num="6" count="2" type="stmt"/>
        <line num="7" count="2" type="stmt"/>
        <line num="11" count="2" type="stmt"/>
        <line num="16" count="2" type="stmt"/>
        <line num="32" count="2" type="stmt"/>
        <line num="33" count="2" type="stmt"/>
        <line num="34" count="2" type="stmt"/>
        <line num="39" count="2" type="stmt"/>
        <line num="40" count="2" type="stmt"/>
        <line num="41" count="2" type="stmt"/>
        <line num="47" count="2" type="stmt"/>
        <line num="53" count="2" type="stmt"/>
        <line num="57" count="2" type="stmt"/>
        <line num="58" count="1" type="stmt"/>
        <line num="64" count="2" type="stmt"/>
      </file>
      <file name="config.swagger.ts" path="C:\Users\sasda\Desktop\chatApp\server\src\config.swagger.ts">
        <metrics statements="7" coveredstatements="7" conditionals="0" coveredconditionals="0" methods="0" coveredmethods="0"/>
        <line num="1" count="2" type="stmt"/>
        <line num="2" count="2" type="stmt"/>
        <line num="4" count="2" type="stmt"/>
        <line num="5" count="2" type="stmt"/>
        <line num="8" count="2" type="stmt"/>
        <line num="41" count="2" type="stmt"/>
        <line num="42" count="2" type="stmt"/>
      </file>
    </package>
    <package name="src.controller.users">
      <metrics statements="31" coveredstatements="13" conditionals="11" coveredconditionals="1" methods="4" coveredmethods="2"/>
      <file name="login.controller.ts" path="C:\Users\sasda\Desktop\chatApp\server\src\controller\users\login.controller.ts">
        <metrics statements="17" coveredstatements="9" conditionals="9" coveredconditionals="1" methods="2" coveredmethods="2"/>
        <line num="2" count="2" type="stmt"/>
        <line num="3" count="2" type="stmt"/>
        <line num="14" count="2" type="stmt"/>
        <line num="15" count="2" type="stmt"/>
        <line num="16" count="2" type="stmt"/>
        <line num="18" count="2" type="stmt"/>
        <line num="20" count="2" type="cond" truecount="1" falsecount="1"/>
        <line num="21" count="2" type="stmt"/>
        <line num="26" count="0" type="cond" truecount="0" falsecount="1"/>
        <line num="27" count="0" type="cond" truecount="0" falsecount="4"/>
        <line num="28" count="0" type="cond" truecount="0" falsecount="1"/>
        <line num="29" count="0" type="stmt"/>
        <line num="34" count="0" type="stmt"/>
        <line num="36" count="0" type="cond" truecount="0" falsecount="1"/>
        <line num="37" count="0" type="stmt"/>
        <line num="44" count="0" type="stmt"/>
        <line num="52" count="2" type="stmt"/>
      </file>
      <file name="signup.controller.ts" path="C:\Users\sasda\Desktop\chatApp\server\src\controller\users\signup.controller.ts">
        <metrics statements="14" coveredstatements="4" conditionals="2" coveredconditionals="0" methods="2" coveredmethods="0"/>
        <line num="2" count="2" type="stmt"/>
        <line num="3" count="2" type="stmt"/>
        <line num="6" count="2" type="stmt"/>
        <line num="7" count="0" type="stmt"/>
        <line num="8" count="0" type="stmt"/>
        <line num="10" count="0" type="stmt"/>
        <line num="12" count="0" type="cond" truecount="0" falsecount="2"/>
        <line num="13" count="0" type="stmt"/>
        <line num="19" count="0" type="stmt"/>
        <line num="20" count="0" type="stmt"/>
        <line num="21" count="0" type="stmt"/>
        <line num="22" count="0" type="stmt"/>
        <line num="28" count="0" type="stmt"/>
        <line num="36" count="2" type="stmt"/>
      </file>
    </package>
    <package name="src.helpers">
      <metrics statements="7" coveredstatements="7" conditionals="11" coveredconditionals="9" methods="2" coveredmethods="2"/>
      <file name="UserFindOne.ts" path="C:\Users\sasda\Desktop\chatApp\server\src\helpers\UserFindOne.ts">
        <metrics statements="7" coveredstatements="7" conditionals="11" coveredconditionals="9" methods="2" coveredmethods="2"/>
        <line num="1" count="1" type="stmt"/>
        <line num="3" count="3" type="stmt"/>
        <line num="4" count="3" type="stmt"/>
        <line num="5" count="3" type="cond" truecount="9" falsecount="2"/>
        <line num="6" count="2" type="stmt"/>
        <line num="8" count="1" type="stmt"/>
        <line num="11" count="2" type="stmt"/>
      </file>
    </package>
    <package name="src.middlewares.validators">
      <metrics statements="12" coveredstatements="4" conditionals="1" coveredconditionals="0" methods="1" coveredmethods="0"/>
      <file name="userSignup.schema.ts" path="C:\Users\sasda\Desktop\chatApp\server\src\middlewares\validators\userSignup.schema.ts">
        <metrics statements="12" coveredstatements="4" conditionals="1" coveredconditionals="0" methods="1" coveredmethods="0"/>
        <line num="2" count="2" type="stmt"/>
        <line num="5" count="2" type="stmt"/>
        <line num="12" count="2" type="stmt"/>
        <line num="13" count="0" type="stmt"/>
        <line num="14" count="0" type="stmt"/>
        <line num="15" count="0" type="stmt"/>
        <line num="18" count="0" type="cond" truecount="0" falsecount="1"/>
        <line num="21" count="0" type="stmt"/>
        <line num="22" count="0" type="stmt"/>
        <line num="25" count="0" type="stmt"/>
        <line num="27" count="0" type="stmt"/>
        <line num="32" count="2" type="stmt"/>
      </file>
    </package>
    <package name="src.models">
      <metrics statements="4" coveredstatements="4" conditionals="0" coveredconditionals="0" methods="0" coveredmethods="0"/>
      <file name="user.model.ts" path="C:\Users\sasda\Desktop\chatApp\server\src\models\user.model.ts">
        <metrics statements="4" coveredstatements="4" conditionals="0" coveredconditionals="0" methods="0" coveredmethods="0"/>
        <line num="1" count="3" type="stmt"/>
        <line num="3" count="3" type="stmt"/>
        <line num="36" count="3" type="stmt"/>
        <line num="37" count="3" type="stmt"/>
      </file>
    </package>
    <package name="src.routes">
      <metrics statements="8" coveredstatements="8" conditionals="0" coveredconditionals="0" methods="0" coveredmethods="0"/>
      <file name="user.router.ts" path="C:\Users\sasda\Desktop\chatApp\server\src\routes\user.router.ts">
        <metrics statements="8" coveredstatements="8" conditionals="0" coveredconditionals="0" methods="0" coveredmethods="0"/>
        <line num="1" count="2" type="stmt"/>
        <line num="2" count="2" type="stmt"/>
        <line num="3" count="2" type="stmt"/>
        <line num="4" count="2" type="stmt"/>
        <line num="6" count="2" type="stmt"/>
        <line num="9" count="2" type="stmt"/>
        <line num="10" count="2" type="stmt"/>
        <line num="13" count="2" type="stmt"/>
      </file>
    </package>
  </project>
</coverage>
