{"C:\\Users\\sasda\\Desktop\\chatApp\\server\\src\\app.ts": {"path":"C:\\Users\\sasda\\Desktop\\chatApp\\server\\src\\app.ts","statementMap":{"0":{"start":{"line":1,"column":0},"end":{"line":1,"column":30}},"1":{"start":{"line":2,"column":0},"end":{"line":2,"column":39}},"2":{"start":{"line":3,"column":0},"end":{"line":3,"column":58}},"3":{"start":{"line":4,"column":0},"end":{"line":4,"column":27}},"4":{"start":{"line":5,"column":0},"end":{"line":5,"column":46}},"5":{"start":{"line":6,"column":0},"end":{"line":6,"column":16}},"6":{"start":{"line":7,"column":0},"end":{"line":7,"column":28}},"7":{"start":{"line":11,"column":12},"end":{"line":11,"column":21}},"8":{"start":{"line":16,"column":38},"end":{"line":30,"column":null}},"9":{"start":{"line":32,"column":0},"end":{"line":32,"column":32}},"10":{"start":{"line":33,"column":0},"end":{"line":33,"column":24}},"11":{"start":{"line":34,"column":0},"end":{"line":34,"column":26}},"12":{"start":{"line":39,"column":0},"end":{"line":39,"column":43}},"13":{"start":{"line":40,"column":0},"end":{"line":40,"column":43}},"14":{"start":{"line":41,"column":0},"end":{"line":41,"column":64}},"15":{"start":{"line":47,"column":0},"end":{"line":49,"column":4}},"16":{"start":{"line":47,"column":33},"end":{"line":49,"column":2}},"17":{"start":{"line":53,"column":0},"end":{"line":53,"column":28}},"18":{"start":{"line":57,"column":0},"end":{"line":61,"column":null}},"19":{"start":{"line":58,"column":4},"end":{"line":60,"column":null}},"20":{"start":{"line":64,"column":0},"end":{"line":64,"column":19}}},"fnMap":{"0":{"name":"(anonymous_1)","decl":{"start":{"line":47,"column":13},"end":{"line":47,"column":14}},"loc":{"start":{"line":47,"column":33},"end":{"line":49,"column":2}}},"1":{"name":"(anonymous_2)","decl":{"start":{"line":57,"column":13},"end":{"line":57,"column":14}},"loc":{"start":{"line":57,"column":32},"end":{"line":61,"column":1}}}},"branchMap":{"0":{"loc":{"start":{"line":17,"column":24},"end":{"line":17,"column":56}},"type":"binary-expr","locations":[{"start":{"line":17,"column":24},"end":{"line":17,"column":50}},{"start":{"line":17,"column":54},"end":{"line":17,"column":56}}]},"1":{"loc":{"start":{"line":28,"column":18},"end":{"line":28,"column":72}},"type":"cond-expr","locations":[{"start":{"line":28,"column":58},"end":{"line":28,"column":64}},{"start":{"line":28,"column":67},"end":{"line":28,"column":72}}]}},"s":{"0":2,"1":2,"2":2,"3":2,"4":2,"5":2,"6":2,"7":2,"8":2,"9":2,"10":2,"11":2,"12":2,"13":2,"14":2,"15":2,"16":1,"17":2,"18":2,"19":1,"20":2},"f":{"0":1,"1":1},"b":{"0":[2,0],"1":[0,2]}}
,"C:\\Users\\sasda\\Desktop\\chatApp\\server\\src\\config.swagger.ts": {"path":"C:\\Users\\sasda\\Desktop\\chatApp\\server\\src\\config.swagger.ts","statementMap":{"0":{"start":{"line":1,"column":0},"end":{"line":1,"column":41}},"1":{"start":{"line":2,"column":0},"end":{"line":2,"column":24}},"2":{"start":{"line":4,"column":23},"end":{"line":4,"column":99}},"3":{"start":{"line":5,"column":19},"end":{"line":5,"column":70}},"4":{"start":{"line":8,"column":38},"end":{"line":38,"column":null}},"5":{"start":{"line":41,"column":20},"end":{"line":41,"column":41}},"6":{"start":{"line":42,"column":0},"end":{"line":42,"column":27}}},"fnMap":{},"branchMap":{},"s":{"0":2,"1":2,"2":2,"3":2,"4":2,"5":2,"6":2},"f":{},"b":{}}
,"C:\\Users\\sasda\\Desktop\\chatApp\\server\\src\\controller\\users\\login.controller.ts": {"path":"C:\\Users\\sasda\\Desktop\\chatApp\\server\\src\\controller\\users\\login.controller.ts","statementMap":{"0":{"start":{"line":2,"column":0},"end":{"line":2,"column":43}},"1":{"start":{"line":3,"column":0},"end":{"line":3,"column":30}},"2":{"start":{"line":14,"column":24},"end":{"line":50,"column":null}},"3":{"start":{"line":14,"column":82},"end":{"line":50,"column":null}},"4":{"start":{"line":15,"column":4},"end":{"line":49,"column":5}},"5":{"start":{"line":16,"column":36},"end":{"line":16,"column":44}},"6":{"start":{"line":18,"column":39},"end":{"line":18,"column":68}},"7":{"start":{"line":20,"column":8},"end":{"line":41,"column":9}},"8":{"start":{"line":21,"column":12},"end":{"line":23,"column":15}},"9":{"start":{"line":26,"column":13},"end":{"line":41,"column":9}},"10":{"start":{"line":27,"column":34},"end":{"line":27,"column":98}},"11":{"start":{"line":28,"column":12},"end":{"line":32,"column":13}},"12":{"start":{"line":29,"column":16},"end":{"line":31,"column":19}},"13":{"start":{"line":34,"column":12},"end":{"line":34,"column":58}},"14":{"start":{"line":36,"column":12},"end":{"line":40,"column":13}},"15":{"start":{"line":37,"column":16},"end":{"line":39,"column":19}},"16":{"start":{"line":44,"column":8},"end":{"line":48,"column":null}},"17":{"start":{"line":52,"column":0},"end":{"line":52,"column":31}}},"fnMap":{"0":{"name":"(anonymous_8)","decl":{"start":{"line":14,"column":24},"end":{"line":14,"column":31}},"loc":{"start":{"line":14,"column":82},"end":{"line":50,"column":null}}},"1":{"name":"(anonymous_9)","decl":{"start":{"line":14,"column":82},"end":{"line":14,"column":null}},"loc":{"start":{"line":14,"column":82},"end":{"line":50,"column":1}}}},"branchMap":{"0":{"loc":{"start":{"line":20,"column":8},"end":{"line":41,"column":9}},"type":"if","locations":[{"start":{"line":20,"column":8},"end":{"line":41,"column":9}},{"start":{"line":26,"column":13},"end":{"line":41,"column":9}}]},"1":{"loc":{"start":{"line":26,"column":13},"end":{"line":41,"column":9}},"type":"if","locations":[{"start":{"line":26,"column":13},"end":{"line":41,"column":9}}]},"2":{"loc":{"start":{"line":27,"column":65},"end":{"line":27,"column":97}},"type":"cond-expr","locations":[{"start":{"line":27,"column":87},"end":{"line":27,"column":89}},{"start":{"line":27,"column":65},"end":{"line":27,"column":97}}]},"3":{"loc":{"start":{"line":27,"column":65},"end":{"line":27,"column":89}},"type":"binary-expr","locations":[{"start":{"line":27,"column":65},"end":{"line":27,"column":89}},{"start":{"line":27,"column":65},"end":{"line":27,"column":89}}]},"4":{"loc":{"start":{"line":28,"column":12},"end":{"line":32,"column":13}},"type":"if","locations":[{"start":{"line":28,"column":12},"end":{"line":32,"column":13}}]},"5":{"loc":{"start":{"line":36,"column":12},"end":{"line":40,"column":13}},"type":"if","locations":[{"start":{"line":36,"column":12},"end":{"line":40,"column":13}}]}},"s":{"0":2,"1":2,"2":2,"3":2,"4":2,"5":2,"6":2,"7":2,"8":2,"9":0,"10":0,"11":0,"12":0,"13":0,"14":0,"15":0,"16":0,"17":2},"f":{"0":2,"1":2},"b":{"0":[2,0],"1":[0],"2":[0,0],"3":[0,0],"4":[0],"5":[0]}}
,"C:\\Users\\sasda\\Desktop\\chatApp\\server\\src\\controller\\users\\signup.controller.ts": {"path":"C:\\Users\\sasda\\Desktop\\chatApp\\server\\src\\controller\\users\\signup.controller.ts","statementMap":{"0":{"start":{"line":2,"column":0},"end":{"line":2,"column":43}},"1":{"start":{"line":3,"column":0},"end":{"line":3,"column":30}},"2":{"start":{"line":6,"column":25},"end":{"line":34,"column":2}},"3":{"start":{"line":6,"column":83},"end":{"line":34,"column":2}},"4":{"start":{"line":7,"column":4},"end":{"line":33,"column":5}},"5":{"start":{"line":8,"column":57},"end":{"line":8,"column":65}},"6":{"start":{"line":10,"column":29},"end":{"line":10,"column":58}},"7":{"start":{"line":12,"column":8},"end":{"line":25,"column":9}},"8":{"start":{"line":13,"column":12},"end":{"line":15,"column":15}},"9":{"start":{"line":19,"column":25},"end":{"line":19,"column":56}},"10":{"start":{"line":20,"column":28},"end":{"line":20,"column":84}},"11":{"start":{"line":21,"column":12},"end":{"line":21,"column":33}},"12":{"start":{"line":22,"column":12},"end":{"line":24,"column":null}},"13":{"start":{"line":28,"column":8},"end":{"line":32,"column":null}},"14":{"start":{"line":36,"column":0},"end":{"line":36,"column":32}}},"fnMap":{"0":{"name":"(anonymous_8)","decl":{"start":{"line":6,"column":25},"end":{"line":6,"column":32}},"loc":{"start":{"line":6,"column":83},"end":{"line":34,"column":2}}},"1":{"name":"(anonymous_9)","decl":{"start":{"line":6,"column":83},"end":{"line":6,"column":null}},"loc":{"start":{"line":6,"column":83},"end":{"line":34,"column":1}}}},"branchMap":{"0":{"loc":{"start":{"line":12,"column":8},"end":{"line":25,"column":9}},"type":"if","locations":[{"start":{"line":12,"column":8},"end":{"line":25,"column":9}},{"start":{"line":18,"column":13},"end":{"line":25,"column":9}}]}},"s":{"0":2,"1":2,"2":2,"3":0,"4":0,"5":0,"6":0,"7":0,"8":0,"9":0,"10":0,"11":0,"12":0,"13":0,"14":2},"f":{"0":0,"1":0},"b":{"0":[0,0]}}
,"C:\\Users\\sasda\\Desktop\\chatApp\\server\\src\\helpers\\UserFindOne.ts": {"path":"C:\\Users\\sasda\\Desktop\\chatApp\\server\\src\\helpers\\UserFindOne.ts","statementMap":{"0":{"start":{"line":1,"column":0},"end":{"line":1,"column":40}},"1":{"start":{"line":3,"column":30},"end":{"line":13,"column":null}},"2":{"start":{"line":3,"column":66},"end":{"line":13,"column":null}},"3":{"start":{"line":4,"column":4},"end":{"line":12,"column":5}},"4":{"start":{"line":5,"column":8},"end":{"line":7,"column":9}},"5":{"start":{"line":6,"column":12},"end":{"line":6,"column":48}},"6":{"start":{"line":8,"column":8},"end":{"line":8,"column":49}},"7":{"start":{"line":11,"column":8},"end":{"line":11,"column":20}},"8":{"start":{"line":3,"column":13},"end":{"line":3,"column":30}}},"fnMap":{"0":{"name":"(anonymous_8)","decl":{"start":{"line":3,"column":30},"end":{"line":3,"column":37}},"loc":{"start":{"line":3,"column":66},"end":{"line":13,"column":null}}},"1":{"name":"(anonymous_9)","decl":{"start":{"line":3,"column":66},"end":{"line":3,"column":null}},"loc":{"start":{"line":3,"column":66},"end":{"line":13,"column":1}}}},"branchMap":{"0":{"loc":{"start":{"line":5,"column":8},"end":{"line":7,"column":9}},"type":"if","locations":[{"start":{"line":5,"column":8},"end":{"line":7,"column":9}}]},"1":{"loc":{"start":{"line":5,"column":12},"end":{"line":5,"column":53}},"type":"binary-expr","locations":[{"start":{"line":5,"column":12},"end":{"line":5,"column":30}},{"start":{"line":5,"column":34},"end":{"line":5,"column":53}}]},"2":{"loc":{"start":{"line":5,"column":12},"end":{"line":5,"column":23}},"type":"cond-expr","locations":[{"start":{"line":5,"column":15},"end":{"line":5,"column":17}},{"start":{"line":5,"column":12},"end":{"line":5,"column":23}}]},"3":{"loc":{"start":{"line":5,"column":12},"end":{"line":5,"column":17}},"type":"binary-expr","locations":[{"start":{"line":5,"column":12},"end":{"line":5,"column":17}},{"start":{"line":5,"column":12},"end":{"line":5,"column":17}}]},"4":{"loc":{"start":{"line":5,"column":34},"end":{"line":5,"column":46}},"type":"cond-expr","locations":[{"start":{"line":5,"column":38},"end":{"line":5,"column":40}},{"start":{"line":5,"column":34},"end":{"line":5,"column":46}}]},"5":{"loc":{"start":{"line":5,"column":34},"end":{"line":5,"column":40}},"type":"binary-expr","locations":[{"start":{"line":5,"column":34},"end":{"line":5,"column":40}},{"start":{"line":5,"column":34},"end":{"line":5,"column":40}}]}},"s":{"0":1,"1":1,"2":3,"3":3,"4":3,"5":2,"6":1,"7":2,"8":1},"f":{"0":3,"1":3},"b":{"0":[2],"1":[3,1],"2":[0,3],"3":[3,3],"4":[0,1],"5":[1,1]}}
,"C:\\Users\\sasda\\Desktop\\chatApp\\server\\src\\middlewares\\validators\\userSignup.schema.ts": {"path":"C:\\Users\\sasda\\Desktop\\chatApp\\server\\src\\middlewares\\validators\\userSignup.schema.ts","statementMap":{"0":{"start":{"line":2,"column":0},"end":{"line":2,"column":24}},"1":{"start":{"line":5,"column":25},"end":{"line":10,"column":2}},"2":{"start":{"line":12,"column":29},"end":{"line":30,"column":1}},"3":{"start":{"line":13,"column":4},"end":{"line":29,"column":5}},"4":{"start":{"line":14,"column":8},"end":{"line":14,"column":41}},"5":{"start":{"line":15,"column":8},"end":{"line":15,"column":15}},"6":{"start":{"line":18,"column":8},"end":{"line":28,"column":9}},"7":{"start":{"line":21,"column":12},"end":{"line":26,"column":13}},"8":{"start":{"line":22,"column":16},"end":{"line":22,"column":56}},"9":{"start":{"line":25,"column":16},"end":{"line":25,"column":57}},"10":{"start":{"line":27,"column":12},"end":{"line":27,"column":46}},"11":{"start":{"line":32,"column":0},"end":{"line":32,"column":36}}},"fnMap":{"0":{"name":"(anonymous_0)","decl":{"start":{"line":12,"column":29},"end":{"line":12,"column":30}},"loc":{"start":{"line":12,"column":81},"end":{"line":30,"column":1}}}},"branchMap":{"0":{"loc":{"start":{"line":18,"column":8},"end":{"line":28,"column":9}},"type":"if","locations":[{"start":{"line":18,"column":8},"end":{"line":28,"column":9}}]}},"s":{"0":2,"1":2,"2":2,"3":0,"4":0,"5":0,"6":0,"7":0,"8":0,"9":0,"10":0,"11":2},"f":{"0":0},"b":{"0":[0]}}
,"C:\\Users\\sasda\\Desktop\\chatApp\\server\\src\\models\\user.model.ts": {"path":"C:\\Users\\sasda\\Desktop\\chatApp\\server\\src\\models\\user.model.ts","statementMap":{"0":{"start":{"line":1,"column":0},"end":{"line":1,"column":32}},"1":{"start":{"line":3,"column":19},"end":{"line":34,"column":2}},"2":{"start":{"line":36,"column":13},"end":{"line":36,"column":48}},"3":{"start":{"line":37,"column":0},"end":{"line":37,"column":20}}},"fnMap":{},"branchMap":{},"s":{"0":3,"1":3,"2":3,"3":3},"f":{},"b":{}}
,"C:\\Users\\sasda\\Desktop\\chatApp\\server\\src\\routes\\user.router.ts": {"path":"C:\\Users\\sasda\\Desktop\\chatApp\\server\\src\\routes\\user.router.ts","statementMap":{"0":{"start":{"line":1,"column":0},"end":{"line":1,"column":33}},"1":{"start":{"line":2,"column":0},"end":{"line":2,"column":69}},"2":{"start":{"line":3,"column":0},"end":{"line":3,"column":79}},"3":{"start":{"line":4,"column":0},"end":{"line":4,"column":67}},"4":{"start":{"line":6,"column":19},"end":{"line":6,"column":27}},"5":{"start":{"line":9,"column":0},"end":{"line":9,"column":65}},"6":{"start":{"line":10,"column":0},"end":{"line":10,"column":43}},"7":{"start":{"line":13,"column":0},"end":{"line":13,"column":26}}},"fnMap":{},"branchMap":{},"s":{"0":2,"1":2,"2":2,"3":2,"4":2,"5":2,"6":2,"7":2},"f":{},"b":{}}
}
