TN:
SF:src\app.ts
FN:47,(anonymous_1)
FN:57,(anonymous_2)
FNF:2
FNH:2
FNDA:1,(anonymous_1)
FNDA:1,(anonymous_2)
DA:1,2
DA:2,2
DA:3,2
DA:4,2
DA:5,2
DA:6,2
DA:7,2
DA:11,2
DA:16,2
DA:32,2
DA:33,2
DA:34,2
DA:39,2
DA:40,2
DA:41,2
DA:47,2
DA:53,2
DA:57,2
DA:58,1
DA:64,2
LF:20
LH:20
BRDA:17,0,0,2
BRDA:17,0,1,0
BRDA:28,1,0,0
BRDA:28,1,1,2
BRF:4
BRH:2
end_of_record
TN:
SF:src\config.swagger.ts
FNF:0
FNH:0
DA:1,2
DA:2,2
DA:4,2
DA:5,2
DA:8,2
DA:41,2
DA:42,2
LF:7
LH:7
BRF:0
BRH:0
end_of_record
TN:
SF:src\controller\users\login.controller.ts
FN:14,(anonymous_8)
FN:14,(anonymous_9)
FNF:2
FNH:2
FNDA:2,(anonymous_8)
FNDA:2,(anonymous_9)
DA:2,2
DA:3,2
DA:14,2
DA:15,2
DA:16,2
DA:18,2
DA:20,2
DA:21,2
DA:26,0
DA:27,0
DA:28,0
DA:29,0
DA:34,0
DA:36,0
DA:37,0
DA:44,0
DA:52,2
LF:17
LH:9
BRDA:20,0,0,2
BRDA:20,0,1,0
BRDA:26,1,0,0
BRDA:27,2,0,0
BRDA:27,2,1,0
BRDA:27,3,0,0
BRDA:27,3,1,0
BRDA:28,4,0,0
BRDA:36,5,0,0
BRF:9
BRH:1
end_of_record
TN:
SF:src\controller\users\signup.controller.ts
FN:6,(anonymous_8)
FN:6,(anonymous_9)
FNF:2
FNH:0
FNDA:0,(anonymous_8)
FNDA:0,(anonymous_9)
DA:2,2
DA:3,2
DA:6,2
DA:7,0
DA:8,0
DA:10,0
DA:12,0
DA:13,0
DA:19,0
DA:20,0
DA:21,0
DA:22,0
DA:28,0
DA:36,2
LF:14
LH:4
BRDA:12,0,0,0
BRDA:12,0,1,0
BRF:2
BRH:0
end_of_record
TN:
SF:src\helpers\UserFindOne.ts
FN:3,(anonymous_8)
FN:3,(anonymous_9)
FNF:2
FNH:2
FNDA:3,(anonymous_8)
FNDA:3,(anonymous_9)
DA:1,1
DA:3,3
DA:4,3
DA:5,3
DA:6,2
DA:8,1
DA:11,2
LF:7
LH:7
BRDA:5,0,0,2
BRDA:5,1,0,3
BRDA:5,1,1,1
BRDA:5,2,0,0
BRDA:5,2,1,3
BRDA:5,3,0,3
BRDA:5,3,1,3
BRDA:5,4,0,0
BRDA:5,4,1,1
BRDA:5,5,0,1
BRDA:5,5,1,1
BRF:11
BRH:9
end_of_record
TN:
SF:src\middlewares\validators\userSignup.schema.ts
FN:12,(anonymous_0)
FNF:1
FNH:0
FNDA:0,(anonymous_0)
DA:2,2
DA:5,2
DA:12,2
DA:13,0
DA:14,0
DA:15,0
DA:18,0
DA:21,0
DA:22,0
DA:25,0
DA:27,0
DA:32,2
LF:12
LH:4
BRDA:18,0,0,0
BRF:1
BRH:0
end_of_record
TN:
SF:src\models\user.model.ts
FNF:0
FNH:0
DA:1,3
DA:3,3
DA:36,3
DA:37,3
LF:4
LH:4
BRF:0
BRH:0
end_of_record
TN:
SF:src\routes\user.router.ts
FNF:0
FNH:0
DA:1,2
DA:2,2
DA:3,2
DA:4,2
DA:6,2
DA:9,2
DA:10,2
DA:13,2
LF:8
LH:8
BRF:0
BRH:0
end_of_record
